10/01/2009, 02:22:04
    C:\Documents and Settings\Administrator\Desktop\XYNTServiceProject\XYNTService.exe
10/01/2009, 02:22:04
    C:\Documents and Settings\Administrator\Desktop\XYNTServiceProject\XYNTService.ini
10/01/2009, 02:22:04
    C:\Documents and Settings\Administrator\Desktop\XYNTServiceProject\XYNTService.log
10/01/2009, 02:22:04
    TestService
10/01/2009, 02:22:04
    StartServiceCtrlDispatcher failed, error code = 1063
10/01/2009, 02:22:08
    C:\Documents and Settings\Administrator\Desktop\XYNTServiceProject\XYNTService.exe
10/01/2009, 02:22:08
    C:\Documents and Settings\Administrator\Desktop\XYNTServiceProject\XYNTService.ini
10/01/2009, 02:22:08
    C:\Documents and Settings\Administrator\Desktop\XYNTServiceProject\XYNTService.log
10/01/2009, 02:22:08
    TestService
10/01/2009, 02:22:09
    Service TestService installed
10/01/2009, 02:25:18
    C:\Documents and Settings\Administrator\Desktop\XYNTServiceProject\XYNTService.exe
10/01/2009, 02:25:18
    C:\Documents and Settings\Administrator\Desktop\XYNTServiceProject\XYNTService.ini
10/01/2009, 02:25:18
    C:\Documents and Settings\Administrator\Desktop\XYNTServiceProject\XYNTService.log
10/01/2009, 02:25:18
    TestService
10/01/2009, 11:21:49
    Restarted process 0
10/02/2009, 01:32:04
    C:\Documents and Settings\Administrator\Desktop\ebox-ad-passwd-sync-win\XYNTService\XYNTService.exe
10/02/2009, 01:32:04
    C:\Documents and Settings\Administrator\Desktop\ebox-ad-passwd-sync-win\XYNTService\XYNTService.ini
10/02/2009, 01:32:04
    C:\Documents and Settings\Administrator\Desktop\ebox-ad-passwd-sync-win\XYNTService\XYNTService.log
10/02/2009, 01:32:04
    eBox Password Synchronizer
10/02/2009, 01:32:19
    StartServiceCtrlDispatcher failed, error code = 1063
10/02/2009, 01:56:20
    C:\Documents and Settings\Administrator\Desktop\ebox-ad-passwd-sync-win\XYNTService\XYNTService.exe
10/02/2009, 01:56:20
    C:\Documents and Settings\Administrator\Desktop\ebox-ad-passwd-sync-win\XYNTService\XYNTService.ini
10/02/2009, 01:56:20
    C:\Documents and Settings\Administrator\Desktop\ebox-ad-passwd-sync-win\XYNTService\XYNTService.log
10/02/2009, 01:56:20
    eBox Password Synchronizer
10/02/2009, 01:56:20
    OpenService failed, error code = 1060
10/02/2009, 01:56:24
    C:\Documents and Settings\Administrator\Desktop\ebox-ad-passwd-sync-win\XYNTService\XYNTService.exe
10/02/2009, 01:56:24
    C:\Documents and Settings\Administrator\Desktop\ebox-ad-passwd-sync-win\XYNTService\XYNTService.ini
10/02/2009, 01:56:24
    C:\Documents and Settings\Administrator\Desktop\ebox-ad-passwd-sync-win\XYNTService\XYNTService.log
10/02/2009, 01:56:24
    eBox Password Synchronizer
10/02/2009, 01:56:39
    StartServiceCtrlDispatcher failed, error code = 1063
10/02/2009, 01:57:44
    C:\Documents and Settings\Administrator\Desktop\ebox-ad-passwd-sync-win\XYNTService\XYNTService.exe
10/02/2009, 01:57:44
    C:\Documents and Settings\Administrator\Desktop\ebox-ad-passwd-sync-win\XYNTService\XYNTService.ini
10/02/2009, 01:57:44
    C:\Documents and Settings\Administrator\Desktop\ebox-ad-passwd-sync-win\XYNTService\XYNTService.log
10/02/2009, 01:57:44
    eBox Password Synchronizer
10/02/2009, 01:57:45
    Service eBox Password Synchronizer installed
10/02/2009, 01:57:59
    C:\Documents and Settings\Administrator\Desktop\ebox-ad-passwd-sync-win\XYNTService\XYNTService.exe
10/02/2009, 01:57:59
    C:\Documents and Settings\Administrator\Desktop\ebox-ad-passwd-sync-win\XYNTService\XYNTService.ini
10/02/2009, 01:57:59
    C:\Documents and Settings\Administrator\Desktop\ebox-ad-passwd-sync-win\XYNTService\XYNTService.log
10/02/2009, 01:57:59
    eBox Password Synchronizer
10/02/2009, 01:57:59
    Failed to start program 'c:\program files\ebox-adsync\ebox-pwdsync-service.exe', error code = 2
10/02/2009, 01:59:59
    C:\Documents and Settings\Administrator\Desktop\ebox-ad-passwd-sync-win\XYNTService\XYNTService.exe
10/02/2009, 01:59:59
    C:\Documents and Settings\Administrator\Desktop\ebox-ad-passwd-sync-win\XYNTService\XYNTService.ini
10/02/2009, 01:59:59
    C:\Documents and Settings\Administrator\Desktop\ebox-ad-passwd-sync-win\XYNTService\XYNTService.log
10/02/2009, 01:59:59
    eBox Password Synchronizer
10/02/2009, 01:59:59
    Failed to start program 'c:\program files\ebox-adsync\ebox-pwdsync-service.exe', error code = 2
10/02/2009, 02:26:25
    C:\Documents and Settings\Administrator\Desktop\ebox-ad-passwd-sync-win\XYNTService\XYNTService.exe
10/02/2009, 02:26:25
    C:\Documents and Settings\Administrator\Desktop\ebox-ad-passwd-sync-win\XYNTService\XYNTService.ini
10/02/2009, 02:26:25
    C:\Documents and Settings\Administrator\Desktop\ebox-ad-passwd-sync-win\XYNTService\XYNTService.log
10/02/2009, 02:26:25
    eBox Password Synchronizer
10/02/2009, 02:26:25
    Failed to start program 'c:\program files\ebox-adsync\ebox-pwdsync-service.exe', error code = 2
10/02/2009, 02:27:05
    C:\Documents and Settings\Administrator\Desktop\ebox-ad-passwd-sync-win\XYNTService\XYNTService.exe
10/02/2009, 02:27:05
    C:\Documents and Settings\Administrator\Desktop\ebox-ad-passwd-sync-win\XYNTService\XYNTService.ini
10/02/2009, 02:27:05
    C:\Documents and Settings\Administrator\Desktop\ebox-ad-passwd-sync-win\XYNTService\XYNTService.log
10/02/2009, 02:27:05
    eBox Password Synchronizer
10/02/2009, 02:27:05
    Failed to start program 'c:\program files\ebox-adsync\ebox-pwdsync-service.exe', error code = 2
10/02/2009, 02:27:49
    C:\Documents and Settings\Administrator\Desktop\ebox-ad-passwd-sync-win\XYNTService\XYNTService.exe
10/02/2009, 02:27:49
    C:\Documents and Settings\Administrator\Desktop\ebox-ad-passwd-sync-win\XYNTService\XYNTService.ini
10/02/2009, 02:27:49
    C:\Documents and Settings\Administrator\Desktop\ebox-ad-passwd-sync-win\XYNTService\XYNTService.log
10/02/2009, 02:27:49
    eBox Password Synchronizer
10/02/2009, 02:27:49
    Failed to start program 'c:\program files\ebox-adsync\ebox-pwdsync-service.exe', error code = 2
10/02/2009, 02:29:36
    C:\Documents and Settings\Administrator\Desktop\ebox-ad-passwd-sync-win\XYNTService\XYNTService.exe
10/02/2009, 02:29:36
    C:\Documents and Settings\Administrator\Desktop\ebox-ad-passwd-sync-win\XYNTService\XYNTService.ini
10/02/2009, 02:29:36
    C:\Documents and Settings\Administrator\Desktop\ebox-ad-passwd-sync-win\XYNTService\XYNTService.log
10/02/2009, 02:29:36
    eBox Password Synchronizer
